<?xml version="1.0" encoding="UTF-8"?>
<testsuite xmlns:xsi="http://www.w3.org/2001/XMLSchema-instance" xsi:noNamespaceSchemaLocation="https://maven.apache.org/surefire/maven-surefire-plugin/xsd/surefire-test-report.xsd" name="RunnerTest" time="7.86" tests="11" errors="0" skipped="0" failures="0">
  <properties>
[...]
</properties>
  <testcase name="Успешное открытие сайта" classname="Открытие сайта" time="3.49"/>
  <testcase name="1 - Проверка главного меню на наличие пункта Музыка" classname="Открытие сайта" time="0.225"/>
  <testcase name="2 - Проверка главного меню на наличие пункта Facebook" classname="Открытие сайта" time="0.232"/>
  <testcase name="3 - Проверка главного меню на наличие пункта Instagram" classname="Открытие сайта" time="0.231"/>
  <testcase name="4 - Проверка главного меню на наличие пункта Youtube" classname="Открытие сайта" time="0.253"/>
  <testcase name="5 - Проверка главного меню на наличие пункта VK" classname="Открытие сайта" time="0.239"/>
  <testcase name="6 - Проверка главного меню на наличие пункта Email" classname="Открытие сайта" time="0.237"/>
  <testcase name="7 - Проверка главного меню на наличие пункта KRYLATSKAYA" classname="Открытие сайта" time="0.337"/>
  <testcase name="8 - Проверка главного меню на наличие пункта APRIL RAIN" classname="Открытие сайта" time="0.335"/>
  <testcase name="Проверка успешного входа в корпоративный раздел" classname="Открытие сайта" time="1.08"/>
  <testcase name="Проверка неуспешного входа в корпоративный раздел" classname="Открытие сайта" time="0.906"/>
</testsuite>